[2025-12-13 16:40:17 +0000] [958412] [INFO] Starting gunicorn 20.1.0
[2025-12-13 16:40:17 +0000] [958412] [INFO] Listening at: unix:/var/www/gitanshuimpex/gitanshuimpex.sock (958412)
[2025-12-13 16:40:17 +0000] [958412] [INFO] Using worker: gthread
[2025-12-13 16:40:17 +0000] [958413] [INFO] Booting worker with pid: 958413
[2025-12-13 16:40:17 +0000] [958413] [ERROR] Exception in worker process
Traceback (most recent call last):
  File "/home/gitanshuimpex/venv/lib/python3.9/site-packages/gunicorn/arbiter.py", line 589, in spawn_worker
    worker.init_process()
  File "/home/gitanshuimpex/venv/lib/python3.9/site-packages/gunicorn/workers/gthread.py", line 92, in init_process
    super().init_process()
  File "/home/gitanshuimpex/venv/lib/python3.9/site-packages/gunicorn/workers/base.py", line 134, in init_process
    self.load_wsgi()
  File "/home/gitanshuimpex/venv/lib/python3.9/site-packages/gunicorn/workers/base.py", line 146, in load_wsgi
    self.wsgi = self.app.wsgi()
  File "/home/gitanshuimpex/venv/lib/python3.9/site-packages/gunicorn/app/base.py", line 67, in wsgi
    self.callable = self.load()
  File "/home/gitanshuimpex/venv/lib/python3.9/site-packages/gunicorn/app/wsgiapp.py", line 58, in load
    return self.load_wsgiapp()
  File "/home/gitanshuimpex/venv/lib/python3.9/site-packages/gunicorn/app/wsgiapp.py", line 48, in load_wsgiapp
    return util.import_app(self.app_uri)
  File "/home/gitanshuimpex/venv/lib/python3.9/site-packages/gunicorn/util.py", line 359, in import_app
    mod = importlib.import_module(module)
  File "/usr/lib/python3.9/importlib/__init__.py", line 127, in import_module
    return _bootstrap._gcd_import(name[level:], package, level)
  File "<frozen importlib._bootstrap>", line 1030, in _gcd_import
  File "<frozen importlib._bootstrap>", line 1007, in _find_and_load
  File "<frozen importlib._bootstrap>", line 972, in _find_and_load_unlocked
  File "<frozen importlib._bootstrap>", line 228, in _call_with_frames_removed
  File "<frozen importlib._bootstrap>", line 1030, in _gcd_import
  File "<frozen importlib._bootstrap>", line 1007, in _find_and_load
  File "<frozen importlib._bootstrap>", line 984, in _find_and_load_unlocked
ModuleNotFoundError: No module named 'gitanshuimpex'
[2025-12-13 16:40:17 +0000] [958413] [INFO] Worker exiting (pid: 958413)
[2025-12-13 16:40:17 +0000] [958414] [INFO] Booting worker with pid: 958414
[2025-12-13 16:40:17 +0000] [958414] [ERROR] Exception in worker process
Traceback (most recent call last):
  File "/home/gitanshuimpex/venv/lib/python3.9/site-packages/gunicorn/arbiter.py", line 589, in spawn_worker
    worker.init_process()
  File "/home/gitanshuimpex/venv/lib/python3.9/site-packages/gunicorn/workers/gthread.py", line 92, in init_process
    super().init_process()
  File "/home/gitanshuimpex/venv/lib/python3.9/site-packages/gunicorn/workers/base.py", line 134, in init_process
    self.load_wsgi()
  File "/home/gitanshuimpex/venv/lib/python3.9/site-packages/gunicorn/workers/base.py", line 146, in load_wsgi
    self.wsgi = self.app.wsgi()
  File "/home/gitanshuimpex/venv/lib/python3.9/site-packages/gunicorn/app/base.py", line 67, in wsgi
    self.callable = self.load()
  File "/home/gitanshuimpex/venv/lib/python3.9/site-packages/gunicorn/app/wsgiapp.py", line 58, in load
    return self.load_wsgiapp()
  File "/home/gitanshuimpex/venv/lib/python3.9/site-packages/gunicorn/app/wsgiapp.py", line 48, in load_wsgiapp
    return util.import_app(self.app_uri)
  File "/home/gitanshuimpex/venv/lib/python3.9/site-packages/gunicorn/util.py", line 359, in import_app
    mod = importlib.import_module(module)
  File "/usr/lib/python3.9/importlib/__init__.py", line 127, in import_module
    return _bootstrap._gcd_import(name[level:], package, level)
  File "<frozen importlib._bootstrap>", line 1030, in _gcd_import
  File "<frozen importlib._bootstrap>", line 1007, in _find_and_load
  File "<frozen importlib._bootstrap>", line 972, in _find_and_load_unlocked
  File "<frozen importlib._bootstrap>", line 228, in _call_with_frames_removed
  File "<frozen importlib._bootstrap>", line 1030, in _gcd_import
  File "<frozen importlib._bootstrap>", line 1007, in _find_and_load
  File "<frozen importlib._bootstrap>", line 984, in _find_and_load_unlocked
ModuleNotFoundError: No module named 'gitanshuimpex'
[2025-12-13 16:40:17 +0000] [958414] [INFO] Worker exiting (pid: 958414)
[2025-12-13 16:40:17 +0000] [958412] [WARNING] Worker with pid 958414 was terminated due to signal 15
[2025-12-13 16:40:17 +0000] [958412] [INFO] Shutting down: Master
[2025-12-13 16:40:17 +0000] [958412] [INFO] Reason: Worker failed to boot.
[2025-12-13 16:41:20 +0000] [958437] [INFO] Starting gunicorn 20.1.0
[2025-12-13 16:41:20 +0000] [958437] [INFO] Listening at: unix:/var/www/gitanshuimpex/gitanshuimpex.sock (958437)
[2025-12-13 16:41:20 +0000] [958437] [INFO] Using worker: gthread
[2025-12-13 16:41:20 +0000] [958438] [INFO] Booting worker with pid: 958438
[2025-12-13 16:41:20 +0000] [958438] [ERROR] Exception in worker process
Traceback (most recent call last):
  File "/home/gitanshuimpex/venv/lib/python3.9/site-packages/gunicorn/arbiter.py", line 589, in spawn_worker
    worker.init_process()
  File "/home/gitanshuimpex/venv/lib/python3.9/site-packages/gunicorn/workers/gthread.py", line 92, in init_process
    super().init_process()
  File "/home/gitanshuimpex/venv/lib/python3.9/site-packages/gunicorn/workers/base.py", line 134, in init_process
    self.load_wsgi()
  File "/home/gitanshuimpex/venv/lib/python3.9/site-packages/gunicorn/workers/base.py", line 146, in load_wsgi
    self.wsgi = self.app.wsgi()
  File "/home/gitanshuimpex/venv/lib/python3.9/site-packages/gunicorn/app/base.py", line 67, in wsgi
    self.callable = self.load()
  File "/home/gitanshuimpex/venv/lib/python3.9/site-packages/gunicorn/app/wsgiapp.py", line 58, in load
    return self.load_wsgiapp()
  File "/home/gitanshuimpex/venv/lib/python3.9/site-packages/gunicorn/app/wsgiapp.py", line 48, in load_wsgiapp
    return util.import_app(self.app_uri)
  File "/home/gitanshuimpex/venv/lib/python3.9/site-packages/gunicorn/util.py", line 359, in import_app
    mod = importlib.import_module(module)
  File "/usr/lib/python3.9/importlib/__init__.py", line 127, in import_module
    return _bootstrap._gcd_import(name[level:], package, level)
  File "<frozen importlib._bootstrap>", line 1030, in _gcd_import
  File "<frozen importlib._bootstrap>", line 1007, in _find_and_load
  File "<frozen importlib._bootstrap>", line 972, in _find_and_load_unlocked
  File "<frozen importlib._bootstrap>", line 228, in _call_with_frames_removed
  File "<frozen importlib._bootstrap>", line 1030, in _gcd_import
  File "<frozen importlib._bootstrap>", line 1007, in _find_and_load
  File "<frozen importlib._bootstrap>", line 984, in _find_and_load_unlocked
ModuleNotFoundError: No module named 'gitanshuimpex'
[2025-12-13 16:41:20 +0000] [958438] [INFO] Worker exiting (pid: 958438)
[2025-12-13 16:41:20 +0000] [958437] [INFO] Shutting down: Master
[2025-12-13 16:41:20 +0000] [958437] [INFO] Reason: Worker failed to boot.
[2025-12-13 16:42:37 +0000] [958462] [INFO] Starting gunicorn 20.1.0
[2025-12-13 16:42:37 +0000] [958462] [INFO] Listening at: unix:/var/www/gitanshuimpex/gitanshuimpex.sock (958462)
[2025-12-13 16:42:37 +0000] [958462] [INFO] Using worker: gthread
[2025-12-13 16:42:37 +0000] [958463] [INFO] Booting worker with pid: 958463
[2025-12-13 16:42:37 +0000] [958464] [INFO] Booting worker with pid: 958464
[2025-12-13 16:42:37 +0000] [958465] [INFO] Booting worker with pid: 958465
[2025-12-13 16:48:11 +0000] [958462] [INFO] Handling signal: int
[2025-12-13 16:48:12 +0000] [958464] [INFO] Worker exiting (pid: 958464)
[2025-12-13 16:48:12 +0000] [958465] [INFO] Worker exiting (pid: 958465)
[2025-12-13 16:48:12 +0000] [958462] [INFO] Shutting down: Master
[2025-12-13 17:18:49 +0000] [959005] [INFO] Starting gunicorn 20.1.0
[2025-12-13 17:18:49 +0000] [959005] [ERROR] Retrying in 1 second.
[2025-12-13 17:18:50 +0000] [959005] [ERROR] Retrying in 1 second.
[2025-12-13 17:18:51 +0000] [959005] [ERROR] Retrying in 1 second.
[2025-12-13 17:18:52 +0000] [959005] [ERROR] Retrying in 1 second.
[2025-12-13 17:18:53 +0000] [959005] [ERROR] Retrying in 1 second.
[2025-12-13 17:18:54 +0000] [959005] [ERROR] Can't connect to /run/gitanshuimpex.sock
[2025-12-13 17:23:11 +0000] [959067] [INFO] Starting gunicorn 20.1.0
[2025-12-13 17:23:11 +0000] [959067] [INFO] Listening at: unix:gitanshuimpex.sock (959067)
[2025-12-13 17:23:11 +0000] [959067] [INFO] Using worker: gthread
[2025-12-13 17:23:11 +0000] [959068] [INFO] Booting worker with pid: 959068
[2025-12-13 17:23:11 +0000] [959069] [INFO] Booting worker with pid: 959069
[2025-12-13 17:23:11 +0000] [959070] [INFO] Booting worker with pid: 959070
[2025-12-13 17:27:46 +0000] [959067] [INFO] Handling signal: int
[2025-12-13 17:27:46 +0000] [959069] [INFO] Worker exiting (pid: 959069)
[2025-12-13 17:27:46 +0000] [959070] [INFO] Worker exiting (pid: 959070)
[2025-12-13 17:27:46 +0000] [959067] [INFO] Shutting down: Master
[2025-12-13 17:40:16 +0000] [959597] [INFO] Starting gunicorn 20.1.0
[2025-12-13 17:40:16 +0000] [959597] [INFO] Listening at: unix:gitanshuimpex.sock (959597)
[2025-12-13 17:40:16 +0000] [959597] [INFO] Using worker: gthread
[2025-12-13 17:40:16 +0000] [959598] [INFO] Booting worker with pid: 959598
[2025-12-13 17:40:16 +0000] [959599] [INFO] Booting worker with pid: 959599
[2025-12-13 17:40:16 +0000] [959600] [INFO] Booting worker with pid: 959600
[2025-12-13 17:40:24 +0000] [959597] [INFO] Handling signal: int
[2025-12-13 17:40:24 +0000] [959599] [INFO] Worker exiting (pid: 959599)
[2025-12-13 17:40:24 +0000] [959598] [INFO] Worker exiting (pid: 959598)
[2025-12-13 17:40:25 +0000] [959597] [INFO] Shutting down: Master
[2025-12-13 17:42:09 +0000] [959634] [INFO] Starting gunicorn 20.1.0
[2025-12-13 17:42:09 +0000] [959634] [INFO] Listening at: unix:gitanshuimpex.sock (959634)
[2025-12-13 17:42:09 +0000] [959634] [INFO] Using worker: gthread
[2025-12-13 17:42:09 +0000] [959645] [INFO] Booting worker with pid: 959645
[2025-12-13 17:42:09 +0000] [959646] [INFO] Booting worker with pid: 959646
[2025-12-13 17:42:09 +0000] [959647] [INFO] Booting worker with pid: 959647
[2025-12-13 17:42:22 +0000] [959634] [INFO] Handling signal: term
[2025-12-13 17:42:23 +0000] [959646] [INFO] Worker exiting (pid: 959646)
[2025-12-13 17:42:23 +0000] [959645] [INFO] Worker exiting (pid: 959645)
[2025-12-13 17:42:23 +0000] [959647] [INFO] Worker exiting (pid: 959647)
[2025-12-13 17:42:23 +0000] [959634] [INFO] Shutting down: Master
[2025-12-13 17:42:24 +0000] [959677] [INFO] Starting gunicorn 20.1.0
[2025-12-13 17:42:24 +0000] [959677] [INFO] Listening at: unix:gitanshuimpex.sock (959677)
[2025-12-13 17:42:24 +0000] [959677] [INFO] Using worker: gthread
[2025-12-13 17:42:24 +0000] [959686] [INFO] Booting worker with pid: 959686
[2025-12-13 17:42:24 +0000] [959687] [INFO] Booting worker with pid: 959687
[2025-12-13 17:42:24 +0000] [959688] [INFO] Booting worker with pid: 959688
[2025-12-27 19:21:41 +0000] [959677] [INFO] Handling signal: term
[2025-12-27 19:21:42 +0000] [959688] [INFO] Worker exiting (pid: 959688)
[2025-12-27 19:21:43 +0000] [959686] [INFO] Worker exiting (pid: 959686)
[2025-12-27 19:21:43 +0000] [959687] [INFO] Worker exiting (pid: 959687)
[2025-12-27 19:21:57 +0000] [959677] [INFO] Shutting down: Master
[2026-03-14 12:29:37 +0000] [1931414] [INFO] Starting gunicorn 20.1.0
[2026-03-14 12:29:37 +0000] [1931414] [INFO] Listening at: unix:gitanshuimpex.sock (1931414)
[2026-03-14 12:29:37 +0000] [1931414] [INFO] Using worker: gthread
[2026-03-14 12:29:37 +0000] [1931425] [INFO] Booting worker with pid: 1931425
[2026-03-14 12:29:37 +0000] [1931426] [INFO] Booting worker with pid: 1931426
[2026-03-14 12:29:37 +0000] [1931427] [INFO] Booting worker with pid: 1931427
